<?xml version="1.0" encoding="UTF-8"?>
<!-- Generated by org.testng.reporters.JUnitReportReporter -->
<testsuite hostname="DESKTOP-STM380F" failures="0" tests="1" name="com.herokuapp.RegressionTests" time="8.487" errors="0" timestamp="2021-01-17T14:08:24 EST" skipped="0">
  <testcase classname="com.herokuapp.RegressionTests" name="startup" time="8.487"/>
  <system-out/>
</testsuite> <!-- com.herokuapp.RegressionTests -->
